Command Line: /usr/cad/spring_soft/verdi/cur/platform/SOL7/bin/Verdi -licverdi
uname(SunOS vlsicad3 5.10 Generic_139555-08 sun4u)
License: Failed to check out Debussy, version 6.100, rc = -97:
License: 	The desired vendor daemon is down
License: 	1) Check the lmgrd log file, or 2) Try lmreread
License: 	Feature:       Debussy
License: 	Vendor:Host:   lsncku3
License: 	License path:  5229@lsncku3
License: 	FLEXlm error:  -97,121
License: 	For further information, refer to the FLEXlm End User Manual,
License: 	available at "www.globetrotter.com".
License: Failed to check out Debussy, version 6.100, rc = -18:
License: 	For further information, refer to the FLEXlm End User Manual,
License: 	available at "www.globetrotter.com".
License: Failed to check out Debussy, version 6.100, rc = -97:
License: 	The desired vendor daemon is down
License: 	1) Check the lmgrd log file, or 2) Try lmreread
License: 	Feature:       Debussy
License: 	Vendor:Host:   lsncku3
License: 	License path:  1717@lsncku3
License: 	FLEXlm error:  -97,121
License: 	For further information, refer to the FLEXlm End User Manual,
License: 	available at "www.globetrotter.com".
License: Failed to check out Debussy, version 6.100, rc = -97:
License: 	The desired vendor daemon is down
License: 	1) Check the lmgrd log file, or 2) Try lmreread
License: 	Feature:       Debussy
License: 	Vendor:Host:   lsncku3
License: 	License path:  26585@lsncku3
License: 	FLEXlm error:  -97,121
License: 	For further information, refer to the FLEXlm End User Manual,
License: 	available at "www.globetrotter.com".
License: Failed to check out nTrace, version 6.100, rc = -97:
License: 	The desired vendor daemon is down
License: 	1) Check the lmgrd log file, or 2) Try lmreread
License: 	Feature:       nTrace
License: 	Vendor:Host:   lsncku3
License: 	License path:  5229@lsncku3
License: 	FLEXlm error:  -97,121
License: 	For further information, refer to the FLEXlm End User Manual,
License: 	available at "www.globetrotter.com".
License: Failed to check out nTrace, version 6.100, rc = -18:
License: 	For further information, refer to the FLEXlm End User Manual,
License: 	available at "www.globetrotter.com".
License: Failed to check out nTrace, version 6.100, rc = -97:
License: 	The desired vendor daemon is down
License: 	1) Check the lmgrd log file, or 2) Try lmreread
License: 	Feature:       nTrace
License: 	Vendor:Host:   lsncku3
License: 	License path:  1717@lsncku3
License: 	FLEXlm error:  -97,121
License: 	For further information, refer to the FLEXlm End User Manual,
License: 	available at "www.globetrotter.com".
License: Failed to check out nTrace, version 6.100, rc = -97:
License: 	The desired vendor daemon is down
License: 	1) Check the lmgrd log file, or 2) Try lmreread
License: 	Feature:       nTrace
License: 	Vendor:Host:   lsncku3
License: 	License path:  26585@lsncku3
License: 	FLEXlm error:  -97,121
License: 	For further information, refer to the FLEXlm End User Manual,
License: 	available at "www.globetrotter.com".
License: Failed to check out Debussy, version 6.100, rc = -97:
License: 	The desired vendor daemon is down
License: 	1) Check the lmgrd log file, or 2) Try lmreread
License: 	Feature:       Debussy
License: 	Vendor:Host:   lsncku3
License: 	License path:  5229@lsncku3
License: 	FLEXlm error:  -97,121
License: 	For further information, refer to the FLEXlm End User Manual,
License: 	available at "www.globetrotter.com".
License: Failed to check out Debussy, version 6.100, rc = -18:
License: 	For further information, refer to the FLEXlm End User Manual,
License: 	available at "www.globetrotter.com".
License: Failed to check out Debussy, version 6.100, rc = -97:
License: 	The desired vendor daemon is down
License: 	1) Check the lmgrd log file, or 2) Try lmreread
License: 	Feature:       Debussy
License: 	Vendor:Host:   lsncku3
License: 	License path:  1717@lsncku3
License: 	FLEXlm error:  -97,121
License: 	For further information, refer to the FLEXlm End User Manual,
License: 	available at "www.globetrotter.com".
License: Failed to check out Debussy, version 6.100, rc = -97:
License: 	The desired vendor daemon is down
License: 	1) Check the lmgrd log file, or 2) Try lmreread
License: 	Feature:       Debussy
License: 	Vendor:Host:   lsncku3
License: 	License path:  26585@lsncku3
License: 	FLEXlm error:  -97,121
License: 	For further information, refer to the FLEXlm End User Manual,
License: 	available at "www.globetrotter.com".
License: Failed to check out Debussy_shared, version 6.100, rc = -97:
License: 	The desired vendor daemon is down
License: 	1) Check the lmgrd log file, or 2) Try lmreread
License: 	Feature:       Debussy_shared
License: 	Vendor:Host:   lsncku3
License: 	License path:  5229@lsncku3
License: 	FLEXlm error:  -97,121
License: 	For further information, refer to the FLEXlm End User Manual,
License: 	available at "www.globetrotter.com".
License: Failed to check out Debussy_shared, version 6.100, rc = -18:
License: 	For further information, refer to the FLEXlm End User Manual,
License: 	available at "www.globetrotter.com".
License: Failed to check out Debussy_shared, version 6.100, rc = -97:
License: 	The desired vendor daemon is down
License: 	1) Check the lmgrd log file, or 2) Try lmreread
License: 	Feature:       Debussy_shared
License: 	Vendor:Host:   lsncku3
License: 	License path:  1717@lsncku3
License: 	FLEXlm error:  -97,121
License: 	For further information, refer to the FLEXlm End User Manual,
License: 	available at "www.globetrotter.com".
License: Failed to check out Debussy_shared, version 6.100, rc = -97:
License: 	The desired vendor daemon is down
License: 	1) Check the lmgrd log file, or 2) Try lmreread
License: 	Feature:       Debussy_shared
License: 	Vendor:Host:   lsncku3
License: 	License path:  26585@lsncku3
License: 	FLEXlm error:  -97,121
License: 	For further information, refer to the FLEXlm End User Manual,
License: 	available at "www.globetrotter.com".
License: Failed to check out Verdi, version 6.100, rc = -97:
License: 	The desired vendor daemon is down
License: 	1) Check the lmgrd log file, or 2) Try lmreread
License: 	Feature:       Verdi
License: 	Vendor:Host:   lsncku3
License: 	License path:  5229@lsncku3
License: 	FLEXlm error:  -97,121
License: 	For further information, refer to the FLEXlm End User Manual,
License: 	available at "www.globetrotter.com".
hbReload time 0 0.51141 0.8591 delta 117872 114688 total 18162760 25706496
Disabled AskUser2 Message (Response 0): Remember to save signals to a signal file.
Do you want to continue?
au time 124 3.651559 0.807106 delta 35708880 35487744 total 36413440 36298752
