Command Line: /usr/cad/spring_soft/verdi/cur/platform/SOL7/bin/Verdi -licverdi
uname(SunOS vlsicad3 5.10 Generic_139555-08 sun4u)
License: Failed to check out Debussy, version 6.100, rc = -97:
License: 	The desired vendor daemon is down
License: 	1) Check the lmgrd log file, or 2) Try lmreread
License: 	Feature:       Debussy
License: 	Vendor:Host:   lsncku3
License: 	License path:  5229@lsncku3
License: 	FLEXlm error:  -97,121
License: 	For further information, refer to the FLEXlm End User Manual,
License: 	available at "www.globetrotter.com".
License: Failed to check out Debussy, version 6.100, rc = -18:
License: 	For further information, refer to the FLEXlm End User Manual,
License: 	available at "www.globetrotter.com".
License: Failed to check out Debussy, version 6.100, rc = -97:
License: 	The desired vendor daemon is down
License: 	1) Check the lmgrd log file, or 2) Try lmreread
License: 	Feature:       Debussy
License: 	Vendor:Host:   lsncku3
License: 	License path:  1717@lsncku3
License: 	FLEXlm error:  -97,121
License: 	For further information, refer to the FLEXlm End User Manual,
License: 	available at "www.globetrotter.com".
License: Failed to check out Debussy, version 6.100, rc = -97:
License: 	The desired vendor daemon is down
License: 	1) Check the lmgrd log file, or 2) Try lmreread
License: 	Feature:       Debussy
License: 	Vendor:Host:   lsncku3
License: 	License path:  26585@lsncku3
License: 	FLEXlm error:  -97,121
License: 	For further information, refer to the FLEXlm End User Manual,
License: 	available at "www.globetrotter.com".
License: Failed to check out nTrace, version 6.100, rc = -97:
License: 	The desired vendor daemon is down
License: 	1) Check the lmgrd log file, or 2) Try lmreread
License: 	Feature:       nTrace
License: 	Vendor:Host:   lsncku3
License: 	License path:  5229@lsncku3
License: 	FLEXlm error:  -97,121
License: 	For further information, refer to the FLEXlm End User Manual,
License: 	available at "www.globetrotter.com".
License: Failed to check out nTrace, version 6.100, rc = -18:
License: 	For further information, refer to the FLEXlm End User Manual,
License: 	available at "www.globetrotter.com".
License: Failed to check out nTrace, version 6.100, rc = -97:
License: 	The desired vendor daemon is down
License: 	1) Check the lmgrd log file, or 2) Try lmreread
License: 	Feature:       nTrace
License: 	Vendor:Host:   lsncku3
License: 	License path:  1717@lsncku3
License: 	FLEXlm error:  -97,121
License: 	For further information, refer to the FLEXlm End User Manual,
License: 	available at "www.globetrotter.com".
License: Failed to check out nTrace, version 6.100, rc = -97:
License: 	The desired vendor daemon is down
License: 	1) Check the lmgrd log file, or 2) Try lmreread
License: 	Feature:       nTrace
License: 	Vendor:Host:   lsncku3
License: 	License path:  26585@lsncku3
License: 	FLEXlm error:  -97,121
License: 	For further information, refer to the FLEXlm End User Manual,
License: 	available at "www.globetrotter.com".
License: Failed to check out Debussy, version 6.100, rc = -97:
License: 	The desired vendor daemon is down
License: 	1) Check the lmgrd log file, or 2) Try lmreread
License: 	Feature:       Debussy
License: 	Vendor:Host:   lsncku3
License: 	License path:  5229@lsncku3
License: 	FLEXlm error:  -97,121
License: 	For further information, refer to the FLEXlm End User Manual,
License: 	available at "www.globetrotter.com".
License: Failed to check out Debussy, version 6.100, rc = -18:
License: 	For further information, refer to the FLEXlm End User Manual,
License: 	available at "www.globetrotter.com".
License: Failed to check out Debussy, version 6.100, rc = -97:
License: 	The desired vendor daemon is down
License: 	1) Check the lmgrd log file, or 2) Try lmreread
License: 	Feature:       Debussy
License: 	Vendor:Host:   lsncku3
License: 	License path:  1717@lsncku3
License: 	FLEXlm error:  -97,121
License: 	For further information, refer to the FLEXlm End User Manual,
License: 	available at "www.globetrotter.com".
License: Failed to check out Debussy, version 6.100, rc = -97:
License: 	The desired vendor daemon is down
License: 	1) Check the lmgrd log file, or 2) Try lmreread
License: 	Feature:       Debussy
License: 	Vendor:Host:   lsncku3
License: 	License path:  26585@lsncku3
License: 	FLEXlm error:  -97,121
License: 	For further information, refer to the FLEXlm End User Manual,
License: 	available at "www.globetrotter.com".
License: Failed to check out Debussy_shared, version 6.100, rc = -97:
License: 	The desired vendor daemon is down
License: 	1) Check the lmgrd log file, or 2) Try lmreread
License: 	Feature:       Debussy_shared
License: 	Vendor:Host:   lsncku3
License: 	License path:  5229@lsncku3
License: 	FLEXlm error:  -97,121
License: 	For further information, refer to the FLEXlm End User Manual,
License: 	available at "www.globetrotter.com".
License: Failed to check out Debussy_shared, version 6.100, rc = -18:
License: 	For further information, refer to the FLEXlm End User Manual,
License: 	available at "www.globetrotter.com".
License: Failed to check out Debussy_shared, version 6.100, rc = -97:
License: 	The desired vendor daemon is down
License: 	1) Check the lmgrd log file, or 2) Try lmreread
License: 	Feature:       Debussy_shared
License: 	Vendor:Host:   lsncku3
License: 	License path:  1717@lsncku3
License: 	FLEXlm error:  -97,121
License: 	For further information, refer to the FLEXlm End User Manual,
License: 	available at "www.globetrotter.com".
License: Failed to check out Debussy_shared, version 6.100, rc = -97:
License: 	The desired vendor daemon is down
License: 	1) Check the lmgrd log file, or 2) Try lmreread
License: 	Feature:       Debussy_shared
License: 	Vendor:Host:   lsncku3
License: 	License path:  26585@lsncku3
License: 	FLEXlm error:  -97,121
License: 	For further information, refer to the FLEXlm End User Manual,
License: 	available at "www.globetrotter.com".
License: Failed to check out Verdi, version 6.100, rc = -97:
License: 	The desired vendor daemon is down
License: 	1) Check the lmgrd log file, or 2) Try lmreread
License: 	Feature:       Verdi
License: 	Vendor:Host:   lsncku3
License: 	License path:  5229@lsncku3
License: 	FLEXlm error:  -97,121
License: 	For further information, refer to the FLEXlm End User Manual,
License: 	available at "www.globetrotter.com".
hbReload time 1 0.52291 0.8768 delta 118000 106496 total 15530976 23019520
Disabled AskUser2 Message (Response 0): Remember to save signals to a signal file.
Do you want to continue?
Disabled AskUser2 Message (Response 0): Remember to save signals to a signal file.
Do you want to continue?
Disabled AskUser2 Message (Response 0): Close all windows and exit debussy?
au time 100 4.368553 0.886618 delta 35971024 35766272 total 36675584 36577280
